<?xml version="1.0" encoding="UTF-8"?>
<!-- Generated by org.testng.reporters.JUnitReportReporter -->
<testsuite failures="0" tests="1" name="com.it.web3.SelectMethodHandling" time="8.681" errors="0" timestamp="2023-08-01T02:11:58 BDT" skipped="0">
  <testcase classname="com.it.web3.SelectMethodHandling" name="SelectTest" time="8.681"/>
</testsuite> <!-- com.it.web3.SelectMethodHandling -->
