<?xml version="1.0" encoding="UTF-8"?>
<!-- Generated by org.testng.reporters.JUnitReportReporter -->
<testsuite failures="0" tests="1" name="com.it.web3.LocatorsExample" time="22.729" errors="0" timestamp="2023-07-29T18:39:54 BDT" skipped="0">
  <testcase classname="com.it.web3.LocatorsExample" name="testLocators" time="22.729"/>
</testsuite> <!-- com.it.web3.LocatorsExample -->
