<?xml version="1.0" encoding="UTF-8"?>
<!-- Generated by org.testng.reporters.JUnitReportReporter -->
<testsuite failures="0" tests="1" name="com.it.web3.TabHandling" time="19.857" errors="0" timestamp="2023-08-06T02:10:47 BDT" skipped="0">
  <testcase classname="com.it.web3.TabHandling" name="TabTest" time="19.857"/>
</testsuite> <!-- com.it.web3.TabHandling -->
