<?xml version="1.0" encoding="UTF-8"?>
<!-- Generated by org.testng.reporters.JUnitReportReporter -->
<testsuite failures="0" tests="1" name="com.it.web3.NavigationCommandsExample" time="16.831" errors="0" timestamp="2023-07-28T03:07:05 BDT" skipped="0">
  <testcase classname="com.it.web3.NavigationCommandsExample" name="navigateTest" time="16.831"/>
</testsuite> <!-- com.it.web3.NavigationCommandsExample -->
