<?xml version="1.0" encoding="UTF-8"?>
<!-- Generated by org.testng.reporters.JUnitReportReporter -->
<testsuite failures="0" tests="1" name="com.it.web3.AlertHandle" time="9.943" errors="0" timestamp="2023-07-30T23:20:03 BDT" skipped="0">
  <testcase classname="com.it.web3.AlertHandle" name="alertTest" time="9.943"/>
</testsuite> <!-- com.it.web3.AlertHandle -->
