<?xml version="1.0" encoding="UTF-8"?>
<!-- Generated by org.testng.reporters.JUnitReportReporter -->
<testsuite failures="0" tests="2" name="com.it.web3.TestNGExample" time="0.005" errors="0" timestamp="2023-07-25T01:15:29 BDT" skipped="0">
  <testcase classname="com.it.web3.TestNGExample" name="firstTest" time="0.003"/>
  <testcase classname="com.it.web3.TestNGExample" name="secondTest" time="0.002"/>
</testsuite> <!-- com.it.web3.TestNGExample -->
