<?xml version="1.0" encoding="UTF-8"?>
<!-- Generated by org.testng.reporters.JUnitReportReporter -->
<testsuite failures="0" tests="1" name="com.it.web3.FirstAutomation" time="8.193" errors="0" timestamp="2023-08-05T21:49:28 BDT" skipped="0">
  <testcase classname="com.it.web3.FirstAutomation" name="FirstTest" time="8.193"/>
</testsuite> <!-- com.it.web3.FirstAutomation -->
