<?xml version="1.0" encoding="UTF-8"?>
<!-- Generated by org.testng.reporters.JUnitReportReporter -->
<testsuite failures="0" tests="1" name="com.it.web3.BrowserCommandsExample" time="8.354" errors="0" timestamp="2023-07-28T03:37:32 BDT" skipped="0">
  <testcase classname="com.it.web3.BrowserCommandsExample" name="browserCommandTest" time="8.354"/>
</testsuite> <!-- com.it.web3.BrowserCommandsExample -->
