<?xml version="1.0" encoding="UTF-8"?>
<!-- Generated by org.testng.reporters.JUnitReportReporter -->
<testsuite failures="0" tests="1" name="com.it.web3.IFrameHandling" time="12.391" errors="0" timestamp="2023-08-05T21:50:45 BDT" skipped="0">
  <testcase classname="com.it.web3.IFrameHandling" name="testiframe" time="12.391"/>
</testsuite> <!-- com.it.web3.IFrameHandling -->
