<?xml version="1.0" encoding="UTF-8"?>
<!-- Generated by org.testng.reporters.JUnitReportReporter -->
<testsuite failures="0" tests="1" name="com.it.web3.ScrollHandling" time="10.761" errors="0" timestamp="2023-08-05T21:49:45 BDT" skipped="0">
  <testcase classname="com.it.web3.ScrollHandling" name="scrollTest" time="10.761"/>
</testsuite> <!-- com.it.web3.ScrollHandling -->
