<?xml version="1.0" encoding="UTF-8"?>
<!-- Generated by org.testng.reporters.JUnitReportReporter -->
<testsuite failures="0" tests="1" name="com.it.web3.CopyAndPasteHandling" time="15.865" errors="0" timestamp="2023-08-05T18:02:30 BDT" skipped="0">
  <testcase classname="com.it.web3.CopyAndPasteHandling" name="webElementsTest" time="15.865"/>
</testsuite> <!-- com.it.web3.CopyAndPasteHandling -->
