<?xml version="1.0" encoding="UTF-8"?>
<!-- Generated by org.testng.reporters.JUnitReportReporter -->
<testsuite failures="0" tests="1" name="com.it.web3.WebElementCommandExaple" time="16.278" errors="0" timestamp="2023-08-05T18:05:41 BDT" skipped="0">
  <testcase classname="com.it.web3.WebElementCommandExaple" name="webElementsTest" time="16.278"/>
</testsuite> <!-- com.it.web3.WebElementCommandExaple -->
